2024-12-13 15:28:41 - Bot: Приветики! Как настроение?
2024-12-13 15:28:41 - Bot: Привет-привет! Как твои дела?
2024-12-13 15:28:41 - Bot: Приветствую! Чем занимаешься?
2024-12-13 15:28:41 - Bot: Приветики! Как настроение?
2024-12-13 15:28:42 - Bot: Факт: 797. Американская фирма «Кэмпбелл», продающая консервированные супы по всему миру на сумму более 8 млрд. долларов в год, после десятилетних безуспешных попыток приучить россиян к этому продукту, покинула российский рынок.
2024-12-13 15:28:42 - Bot: Факт: 464. Самое сухое место на Земле — не Сахара, а область в Антарктиде под названием Сухие долины. Эти долины свободны от льда и снега и не видели дождя уже более двух миллионов лет.
2024-12-13 15:28:42 - Bot: Отправка списка команд
2024-12-13 15:28:42 - Bot: Привет-привет! Как твои дела?
2024-12-13 15:28:42 - Bot: Факт: 325. Таких видов рыб, как лосось и форель, не существует. Это собирательное название более трех десятков видов рыб семейства лососевых.
2024-12-13 15:28:42 - Bot: Факт: 620. Известно более 3000 сортов картофеля. Плоды картофеля — это не вкусные клубни, а ядовитые ягоды, формой напоминающие томаты.
2024-12-13 15:28:42 - Bot: Здравствуй! Как проходят дела?
2024-12-13 15:28:42 - Bot: Доброе утро! Как спалось?
2024-12-13 15:28:42 - Bot: Факт: 581. Знаменитый Круглый стол короля Артура был получен им в качестве приданого королевы Гиневры. За дубовым Круглым столом могли разместиться до 150 рыцарей. С одним из них, Ланселотом, королева Артуру изменила.
2024-12-13 15:29:26 - Bot: Приветствую! Давно не виделись.
2024-12-13 15:29:26 - Bot: Факт: 538. Единственная улица в мире, которая образует перекресток сама с собой, — это улица Планировочная в Новосибирске.
2024-12-13 15:35:27 - Bot: Факт: 601. Ежегодно 2 февраля американский «народный метеоролог» сурок Фил, проживающий в городе Панксутони, штат Пенсильвания, предсказывает, как скоро наступит весна. По традиции, если сурок не увидит своей тени, весна будет ранней. Однако Фил плохо справляется со своими обязанностями — он ошибается в 70 % случаев. Наверное, его просто перекормили — бедный зверек весит почти 10 кг.
2024-12-13 15:41:27 - Bot: Факт: 658. В Приднестровье советские паспорта до сих пор являются законным документом, удостоверяющим личность.
2024-12-13 15:47:27 - Bot: Факт: 670. Самое крупное инженерное сооружение на Земле находится в Ливии. Это Великий ливийский водопровод, протянувшийся на 2000 километров с юга на север Ливии. Строительство водопровода длилось 18 лет, с 1983 по 2001 год. Система состоит из 1300 скважин, расположенных над гигантскими подземными пресными озерами. Однако воды в этих озерах осталось не более чем на 50 лет.
2024-12-13 16:41:28 - Bot: Факт: 244. Руководствуясь проповедями католического фанатика Джироламо Савонаролы в 1495 году, великий Боттичелли сжег несколько своих картин.
2024-12-13 16:43:24 - Bot: Рада снова видеть тебя здесь!
2024-12-13 16:43:24 - Bot: Факт: 166. Сердце синего кита бьется 9 раз в минуту и достигает размера среднего автомобиля. Самый большой синий кит в истории был выловлен норвежскими китобоями в 1926 году. При длине в 34 м, кит весил 177 тонн.
2024-12-13 16:47:28 - Bot: Факт: 293. В Швейцарии 3 государственных языка, но ни на одном из них на почтовых марках не пишется название страны. Вместо этого используется традиционное название страны XVIII века — Helvetia.
2024-12-13 16:49:24 - Bot: Факт: Сегодня удача будет на вашей стороне, если вы решитесь на смелый шаг.
2024-12-13 16:53:29 - Bot: Факт: Будьте внимательны к своему здоровью, не игнорируйте усталость.
2024-12-13 16:55:25 - Bot: Факт: Сегодня вы почувствуете прилив энергии, который поможет справиться с любыми трудностями.
2024-12-13 16:59:29 - Bot: Факт: Важно проявить терпение и сдержанность в общении с близкими людьми.
2024-12-13 16:59:39 - Bot: Приветствую! Чем занимаешься?
2024-12-13 16:59:40 - Bot: Факт: Случайная встреча может стать началом чего-то важного и значимого.
2024-12-13 17:00:31 - Bot: Здравствуйте! Есть ли что-то, чем я могу помочь?
